<?xml version="1.0" encoding="UTF-8"?>
<!-- Generated by org.testng.reporters.JUnitReportReporter -->
<testsuite hostname="SSV" failures="0" tests="1" name="vijethgumtree.uitest" time="42.229" errors="0" timestamp="2022-07-17T22:33:44 AEST" skipped="0">
  <testcase classname="vijethgumtree.uitest" name="uivalidate" time="42.229"/>
  <system-out/>
</testsuite> <!-- vijethgumtree.uitest -->
