<?xml version="1.0" encoding="UTF-8"?>
<!-- Generated by org.testng.reporters.JUnitReportReporter -->
<testsuite hostname="SSV" failures="0" tests="1" name="vijethgumtree.apitest_validate" time="1.683" errors="0" timestamp="2022-07-17T22:34:18 AEST" skipped="0">
  <testcase classname="vijethgumtree.apitest_validate" name="getdetails" time="1.683"/>
  <system-out/>
</testsuite> <!-- vijethgumtree.apitest_validate -->
